<?xml version="1.0" encoding="UTF-8"?>
<!-- Generated by org.testng.reporters.JUnitReportReporter -->
<testsuite hostname="XuZdeMacBook-Air.local" name="com.spring.tutorial.service.UserServiceTest" tests="3" failures="0" timestamp="7 Nov 2017 02:57:59 GMT" time="2.300" errors="0">
  <testcase name="addLoginLog" time="0.817" classname="com.spring.tutorial.service.UserServiceTest"/>
  <testcase name="hasMatchedUser" time="0.731" classname="com.spring.tutorial.service.UserServiceTest"/>
  <testcase name="findUserByUserName" time="0.752" classname="com.spring.tutorial.service.UserServiceTest"/>
</testsuite> <!-- com.spring.tutorial.service.UserServiceTest -->
